jacobi
Norm: 26.713829 
k: 500
Time: 193.936242
jacobi
Norm: 26.713829 
k: 500
Time: 126.356176
jacobi
Norm: 26.713829 
k: 500
Time: 61.949347
jacobi
Norm: 26.713829 
k: 500
Time: 43.043118
jacobi
Norm: 26.713829 
k: 500
Time: 33.481578
jacobi
Norm: 26.713829 
k: 500
Time: 27.759153
jacobi
Norm: 26.713829 
k: 500
Time: 24.103731
jacobi
Norm: 26.713829 
k: 500
Time: 20.713932
jacobi
Norm: 26.713829 
k: 500
Time: 18.839022
jacobi
Norm: 26.713829 
k: 500
Time: 16.847178
jacobi
Norm: 26.713829 
k: 500
Time: 15.456309
jacobi
Norm: 26.713829 
k: 500
Time: 14.416142
jacobi
Norm: 26.713829 
k: 500
Time: 14.177860

------------------------------------------------------------
Sender: LSF System <lsfadmin@n-62-31-19>
Subject: Job 1785098: <NONAME> in cluster <dcc> Done

Job <NONAME> was submitted from host <n-62-31-1> by user <s182169> in cluster <dcc> at Fri Jan 18 10:53:12 2019
Job was executed on host(s) <24*n-62-31-19>, in queue <hpcintro>, as user <s182169> in cluster <dcc> at Fri Jan 18 11:19:23 2019
</zhome/80/a/134683> was used as the home directory.
</zhome/80/a/134683/Documents/HPC/Week_2/Assignment_2/Poisson_parallel> was used as the working directory.
Started at Fri Jan 18 11:19:23 2019
Terminated at Fri Jan 18 11:29:36 2019
Results reported at Fri Jan 18 11:29:36 2019

Your job looked like:

------------------------------------------------------------
# LSBATCH: User input
#!/bin/bash
#BSUB -o ft_first_imp_5000.out
#BSUB -q hpcintro
#BSUB -n 24

for t in  1 2 4 6 8 10 12 14 16 18 20 22 24;
do
	
	export OMP_NUM_THREADS=$t
	export OMP_SCHEDULE=static
 
	./poisson.suncc 5000 500
	
done

------------------------------------------------------------

Successfully completed.

Resource usage summary:

    CPU time :                                   3509.74 sec.
    Max Memory :                                 577 MB
    Average Memory :                             575.43 MB
    Total Requested Memory :                     24576.00 MB
    Delta Memory :                               23999.00 MB
    Max Swap :                                   -
    Max Processes :                              4
    Max Threads :                                28
    Run time :                                   614 sec.
    Turnaround time :                            2184 sec.

The output (if any) is above this job summary.

