jacobi
Norm: 0.031908 
k: 10000
Time: 10.098068
jacobi
Norm: 0.031908 
k: 10000
Time: 5.727573
jacobi
Norm: 0.031908 
k: 10000
Time: 3.556756
jacobi
Norm: 0.031908 
k: 10000
Time: 2.515071
jacobi
Norm: 0.031908 
k: 10000
Time: 2.077576
jacobi
Norm: 0.031908 
k: 10000
Time: 2.142407
jacobi
Norm: 0.031908 
k: 10000
Time: 2.715147
jacobi
Norm: 0.031908 
k: 10000
Time: 3.338164
jacobi
Norm: 0.031908 
k: 10000
Time: 3.976145
jacobi
Norm: 0.031908 
k: 10000
Time: 4.982169
jacobi
Norm: 0.029094 
k: 10000
Time: 7.078464
jacobi
Norm: 0.006198 
k: 10000
Time: 8.245714
jacobi
Norm: 0.019034 
k: 10000
Time: 8.467694

------------------------------------------------------------
Sender: LSF System <lsfadmin@n-62-31-19>
Subject: Job 1785155: <NONAME> in cluster <dcc> Done

Job <NONAME> was submitted from host <n-62-31-1> by user <s182169> in cluster <dcc> at Fri Jan 18 11:08:32 2019
Job was executed on host(s) <24*n-62-31-19>, in queue <hpcintro>, as user <s182169> in cluster <dcc> at Fri Jan 18 11:29:36 2019
</zhome/80/a/134683> was used as the home directory.
</zhome/80/a/134683/Documents/HPC/Week_2/Assignment_2/Poisson_parallel> was used as the working directory.
Started at Fri Jan 18 11:29:36 2019
Terminated at Fri Jan 18 11:30:42 2019
Results reported at Fri Jan 18 11:30:42 2019

Your job looked like:

------------------------------------------------------------
# LSBATCH: User input
#!/bin/bash
#BSUB -o ft_non_naive_500.out
#BSUB -q hpcintro
#BSUB -n 24

for t in  1 2 4 6 8 10 12 14 16 18 20 22 24;
do
	
	export OMP_NUM_THREADS=$t
	export OMP_SCHEDULE=static
	export OMP_PROC_BIND=true 
	export OMP_PLACES=cores 
	./poisson.suncc 500 10000
	
done

------------------------------------------------------------

Successfully completed.

Resource usage summary:

    CPU time :                                   328.20 sec.
    Max Memory :                                 10 MB
    Average Memory :                             9.20 MB
    Total Requested Memory :                     24576.00 MB
    Delta Memory :                               24566.00 MB
    Max Swap :                                   -
    Max Processes :                              4
    Max Threads :                                28
    Run time :                                   66 sec.
    Turnaround time :                            1330 sec.

The output (if any) is above this job summary.

