jacobi
Norm: 26.713829 
k: 500
Time: 194.349699
jacobi
Norm: 26.713829 
k: 500
Time: 96.219811
jacobi
Norm: 26.713829 
k: 500
Time: 52.474025
jacobi
Norm: 26.713829 
k: 500
Time: 37.352374
jacobi
Norm: 26.713829 
k: 500
Time: 29.328379
jacobi
Norm: 26.713829 
k: 500
Time: 24.241621
jacobi
Norm: 26.713829 
k: 500
Time: 24.130674
jacobi
Norm: 26.713829 
k: 500
Time: 20.646988
jacobi
Norm: 26.713829 
k: 500
Time: 19.028428
jacobi
Norm: 26.713829 
k: 500
Time: 16.902017
jacobi
Norm: 26.713829 
k: 500
Time: 15.123274
jacobi
Norm: 26.713829 
k: 500
Time: 14.138409
jacobi
Norm: 26.713829 
k: 500
Time: 14.186687

------------------------------------------------------------
Sender: LSF System <lsfadmin@n-62-31-13>
Subject: Job 1785040: <NONAME> in cluster <dcc> Done

Job <NONAME> was submitted from host <n-62-31-1> by user <s182169> in cluster <dcc> at Fri Jan 18 10:45:04 2019
Job was executed on host(s) <24*n-62-31-13>, in queue <hpcintro>, as user <s182169> in cluster <dcc> at Fri Jan 18 10:48:46 2019
</zhome/80/a/134683> was used as the home directory.
</zhome/80/a/134683/Documents/HPC/Week_2/Assignment_2/Poisson_parallel> was used as the working directory.
Started at Fri Jan 18 10:48:46 2019
Terminated at Fri Jan 18 10:58:05 2019
Results reported at Fri Jan 18 10:58:05 2019

Your job looked like:

------------------------------------------------------------
# LSBATCH: User input
#!/bin/bash
#BSUB -o ft_non_naive_5000.out
#BSUB -q hpcintro
#BSUB -n 24

for t in  1 2 4 6 8 10 12 14 16 18 20 22 24;
do
	
	export OMP_NUM_THREADS=$t
	export OMP_SCHEDULE=static
	export OMP_PROC_BIND=true 
	export OMP_PLACES=cores 
	./poisson.suncc 5000 500
	
done

------------------------------------------------------------

Successfully completed.

Resource usage summary:

    CPU time :                                   3305.53 sec.
    Max Memory :                                 581 MB
    Average Memory :                             575.32 MB
    Total Requested Memory :                     24576.00 MB
    Delta Memory :                               23995.00 MB
    Max Swap :                                   -
    Max Processes :                              4
    Max Threads :                                28
    Run time :                                   559 sec.
    Turnaround time :                            781 sec.

The output (if any) is above this job summary.

