jacobi
Norm: 0.058804 
k: 10000
Time: 88.354589
jacobi
Norm: 0.058804 
k: 10000
Time: 33.117861
jacobi
Norm: 0.058804 
k: 10000
Time: 23.049495
jacobi
Norm: 0.058804 
k: 10000
Time: 19.214153
jacobi
Norm: 0.058804 
k: 10000
Time: 16.124714
jacobi
Norm: 0.058804 
k: 10000
Time: 16.344185
jacobi
Norm: 0.058804 
k: 10000
Time: 13.672256
jacobi
Norm: 0.058804 
k: 10000
Time: 11.437999
jacobi
Norm: 0.058804 
k: 10000
Time: 9.918504
jacobi
Norm: 0.058804 
k: 10000
Time: 8.681612
jacobi
Norm: 0.058804 
k: 10000
Time: 9.065076
jacobi
Norm: 0.058804 
k: 10000
Time: 9.075157
jacobi
Norm: 0.058804 
k: 10000
Time: 8.483971

------------------------------------------------------------
Sender: LSF System <lsfadmin@n-62-31-13>
Subject: Job 1784001: <NONAME> in cluster <dcc> Done

Job <NONAME> was submitted from host <n-62-31-1> by user <s182169> in cluster <dcc> at Fri Jan 18 09:01:30 2019
Job was executed on host(s) <24*n-62-31-13>, in queue <hpcintro>, as user <s182169> in cluster <dcc> at Fri Jan 18 09:01:31 2019
</zhome/80/a/134683> was used as the home directory.
</zhome/80/a/134683/Documents/HPC/Week_2/Assignment_2/Poisson_parallel> was used as the working directory.
Started at Fri Jan 18 09:01:31 2019
Terminated at Fri Jan 18 09:06:01 2019
Results reported at Fri Jan 18 09:06:01 2019

Your job looked like:

------------------------------------------------------------
# LSBATCH: User input
#!/bin/bash 
#BSUB -q hpcintro
#BSUB -n 24

for t in 1 2 4 6 8 10 12 14 16 18 20 22 24;
do
	
	OMP_NUM_THREADS=$t ./poisson_naive.suncc 1000 10000
	
done

------------------------------------------------------------

Successfully completed.

Resource usage summary:

    CPU time :                                   1335.27 sec.
    Max Memory :                                 25 MB
    Average Memory :                             22.73 MB
    Total Requested Memory :                     24576.00 MB
    Delta Memory :                               24551.00 MB
    Max Swap :                                   -
    Max Processes :                              4
    Max Threads :                                24
    Run time :                                   290 sec.
    Turnaround time :                            271 sec.

The output (if any) is above this job summary.

