jacobi
Norm: 13.328629 
k: 500
Time: 33.689290
jacobi
Norm: 13.328629 
k: 500
Time: 22.182477
jacobi
Norm: 13.328629 
k: 500
Time: 11.302434
jacobi
Norm: 13.328629 
k: 500
Time: 7.447501
jacobi
Norm: 13.328629 
k: 500
Time: 5.673391
jacobi
Norm: 13.328629 
k: 500
Time: 4.705043
jacobi
Norm: 13.328629 
k: 500
Time: 4.258392
jacobi
Norm: 13.328629 
k: 500
Time: 3.671106
jacobi
Norm: 13.328629 
k: 500
Time: 3.204115
jacobi
Norm: 13.328629 
k: 500
Time: 2.817636
jacobi
Norm: 13.328629 
k: 500
Time: 2.602155
jacobi
Norm: 13.328629 
k: 500
Time: 2.470273
jacobi
Norm: 13.328629 
k: 500
Time: 2.283597

------------------------------------------------------------
Sender: LSF System <lsfadmin@n-62-31-24>
Subject: Job 1785577: <NONAME> in cluster <dcc> Done

Job <NONAME> was submitted from host <n-62-31-1> by user <s182169> in cluster <dcc> at Fri Jan 18 11:52:24 2019
Job was executed on host(s) <24*n-62-31-24>, in queue <hpcintro>, as user <s182169> in cluster <dcc> at Fri Jan 18 11:54:00 2019
</zhome/80/a/134683> was used as the home directory.
</zhome/80/a/134683/Documents/HPC/Week_2/Assignment_2/Poisson_parallel> was used as the working directory.
Started at Fri Jan 18 11:54:00 2019
Terminated at Fri Jan 18 11:55:47 2019
Results reported at Fri Jan 18 11:55:47 2019

Your job looked like:

------------------------------------------------------------
# LSBATCH: User input
#!/bin/bash
#BSUB -o sockets.out
#BSUB -q hpcintro
#BSUB -n 24

for t in  1 2 4 6 8 10 12 14 16 18 20 22 24;
do
	
	export OMP_NUM_THREADS=$t
	export OMP_SCHEDULE=static
	export OMP_PROC_BIND=true 
	export OMP_PLACES=sockets 
	./poisson.suncc 2500 500
	
done

------------------------------------------------------------

Successfully completed.

Resource usage summary:

    CPU time :                                   585.66 sec.
    Max Memory :                                 146 MB
    Average Memory :                             145.50 MB
    Total Requested Memory :                     24576.00 MB
    Delta Memory :                               24430.00 MB
    Max Swap :                                   -
    Max Processes :                              4
    Max Threads :                                20
    Run time :                                   107 sec.
    Turnaround time :                            203 sec.

The output (if any) is above this job summary.

