4.410806
3.116577
3.086495
2.267522
1.735132
1.378142
1.250325
1.112195
1.010401
0.873252
0.810039
0.776482
0.716674

------------------------------------------------------------
Sender: LSF System <lsfadmin@n-62-31-16>
Subject: Job 1785952: <NONAME> in cluster <dcc> Done

Job <NONAME> was submitted from host <n-62-31-1> by user <s182169> in cluster <dcc> at Fri Jan 18 12:30:02 2019
Job was executed on host(s) <24*n-62-31-16>, in queue <hpcintro>, as user <s182169> in cluster <dcc> at Fri Jan 18 12:30:02 2019
</zhome/80/a/134683> was used as the home directory.
</zhome/80/a/134683/Documents/HPC/Week_2/Assignment_2/Mandelbrot> was used as the working directory.
Started at Fri Jan 18 12:30:02 2019
Terminated at Fri Jan 18 12:30:25 2019
Results reported at Fri Jan 18 12:30:25 2019

Your job looked like:

------------------------------------------------------------
# LSBATCH: User input
#!/bin/bash
#BSUB -o mandelbrot.out
#BSUB -q hpcintro
#BSUB -n 24

for t in 1 2 4 6 8 10 12 14 16 18 20 22 24
do
	for size in 5000
	do
		OMP_NUM_THREADS=$t 
		OMP_SCHEDULE=dynamic,50
		./mandelbrot $size
	done
done

------------------------------------------------------------

Successfully completed.

Resource usage summary:

    CPU time :                                   61.10 sec.
    Max Memory :                                 61 MB
    Average Memory :                             61.00 MB
    Total Requested Memory :                     24576.00 MB
    Delta Memory :                               24515.00 MB
    Max Swap :                                   -
    Max Processes :                              4
    Max Threads :                                5
    Run time :                                   40 sec.
    Turnaround time :                            23 sec.

The output (if any) is above this job summary.

