/zhome/80/a/134683/.lsbatch/1547810904.1785947.shell: line 3: 16044 Illegal instruction     ./mandelbrot $size
/zhome/80/a/134683/.lsbatch/1547810904.1785947.shell: line 3: 16045 Illegal instruction     ./mandelbrot $size
/zhome/80/a/134683/.lsbatch/1547810904.1785947.shell: line 3: 16047 Illegal instruction     ./mandelbrot $size
/zhome/80/a/134683/.lsbatch/1547810904.1785947.shell: line 3: 16051 Illegal instruction     ./mandelbrot $size
/zhome/80/a/134683/.lsbatch/1547810904.1785947.shell: line 3: 16057 Illegal instruction     ./mandelbrot $size
/zhome/80/a/134683/.lsbatch/1547810904.1785947.shell: line 3: 16065 Illegal instruction     ./mandelbrot $size
/zhome/80/a/134683/.lsbatch/1547810904.1785947.shell: line 3: 16075 Illegal instruction     ./mandelbrot $size
/zhome/80/a/134683/.lsbatch/1547810904.1785947.shell: line 3: 16087 Illegal instruction     ./mandelbrot $size
/zhome/80/a/134683/.lsbatch/1547810904.1785947.shell: line 3: 16101 Illegal instruction     ./mandelbrot $size

------------------------------------------------------------
Sender: LSF System <lsfadmin@n-62-21-99>
Subject: Job 1785947: <NONAME> in cluster <dcc> Exited

Job <NONAME> was submitted from host <n-62-31-1> by user <s182169> in cluster <dcc> at Fri Jan 18 12:28:24 2019
Job was executed on host(s) <n-62-21-99>, in queue <hpc>, as user <s182169> in cluster <dcc> at Fri Jan 18 12:28:24 2019
</zhome/80/a/134683> was used as the home directory.
</zhome/80/a/134683/Documents/HPC/Week_2/Assignment_2/Mandelbrot> was used as the working directory.
Started at Fri Jan 18 12:28:24 2019
Terminated at Fri Jan 18 12:28:25 2019
Results reported at Fri Jan 18 12:28:25 2019

Your job looked like:

------------------------------------------------------------
# LSBATCH: User input
for t in 1 2 4 6 8 10 12 14 16
do
	for size in 5000
	do
		OMP_NUM_THREADS=$t 
		OMP_SCHEDULE=dynamic,50
		./mandelbrot $size
	done
done

------------------------------------------------------------

Exited with exit code 132.

Resource usage summary:

    CPU time :                                   0.40 sec.
    Max Memory :                                 -
    Average Memory :                             -
    Total Requested Memory :                     1024.00 MB
    Delta Memory :                               -
    Max Swap :                                   -
    Max Processes :                              -
    Max Threads :                                -
    Run time :                                   1 sec.
    Turnaround time :                            1 sec.

The output (if any) is above this job summary.

